0 info it worked if it ends with ok
1 verbose cli [ 'node', '/usr/local/bin/npm', 'start' ]
2 info using npm@2.7.5
3 info using node@v0.12.2
4 verbose node symlink /usr/local/bin/node
5 verbose config Skipping project config: /Users/Eli/.npmrc. (matches userconfig)
6 verbose stack Error: ENOENT, open '/Users/Eli/package.json'
6 verbose stack     at Error (native)
7 verbose cwd /Users/Eli/Desktop/verdantVeranda/2015-11-thesis
8 error Darwin 14.5.0
9 error argv "node" "/usr/local/bin/npm" "start"
10 error node v0.12.2
11 error npm  v2.7.5
12 error path /Users/Eli/package.json
13 error code ENOENT
14 error errno -2
15 error enoent ENOENT, open '/Users/Eli/package.json'
15 error enoent This is most likely not a problem with npm itself
15 error enoent and is related to npm not being able to find a file.
16 verbose exit [ -2, true ]
